<?xml version="1.0" encoding="UTF-8"?>
<!-- Generated by org.testng.reporters.JUnitXMLReporter -->
<testsuite ignored="1" hostname="PAVULURU" failures="0" tests="6" name="car loan" time="0.513" errors="0" timestamp="2021-06-23T16:24:35 GMT-04:00">
  <testcase classname="test.Basic3" name="MobileLogincarLoan" time="0.013"/>
  <testcase classname="test.Basic3" name="MobileSignOutCarLoan" time="0.005"/>
  <testcase classname="test.Basic3" name="MobileSignOutCarLoan" time="0.004"/>
  <testcase classname="test.Basic3" name="MobileSignOutCarLoan" time="0.003"/>
  <testcase classname="test.Basic3" name="weblogin" time="0.003"/>
  <testcase classname="test.Basic3" name="ApiCarLogin" time="0.003"/>
  <testcase classname="test.Basic3" name="MobileSignincarLoan" time="0.0">
    <ignored/>
  </testcase> <!-- MobileSignincarLoan -->
</testsuite> <!-- car loan -->
