<?xml version="1.0" encoding="UTF-8"?>
<!-- Generated by org.testng.reporters.JUnitXMLReporter -->
<testsuite ignored="3" hostname="PAVULURU" failures="0" tests="3" name="Personal loan" time="0.045" errors="0" timestamp="2021-06-22T15:26:59 GMT-04:00">
  <testcase classname="test.Basic1" name="Demo" time="0.007"/>
  <testcase classname="test.Basic2" name="ploan" time="0.0"/>
  <testcase classname="test.Basic4" name="LoginApiHomeLogin" time="0.001"/>
  <testcase classname="test.Basic1" name="SecondTest" time="0.0">
    <ignored/>
  </testcase> <!-- SecondTest -->
  <testcase classname="test.Basic4" name="webloginHomeLoan" time="0.0">
    <ignored/>
  </testcase> <!-- webloginHomeLoan -->
  <testcase classname="test.Basic4" name="MobileLoginHomeLoan" time="0.0">
    <ignored/>
  </testcase> <!-- MobileLoginHomeLoan -->
</testsuite> <!-- Personal loan -->
