<?xml version="1.0" encoding="UTF-8"?>
<!-- Generated by org.testng.reporters.JUnitXMLReporter -->
<testsuite ignored="3" hostname="PAVULURU" failures="0" tests="8" name="Regression" time="0.046" errors="0" timestamp="2021-06-23T12:17:40 GMT-04:00">
  <testcase classname="test.Basic1" name="Demo" time="0.004"/>
  <testcase classname="test.Basic1" name="SecondTest" time="0.001"/>
  <testcase classname="test.Basic3" name="MobileSignOutCarLoan" time="0.001"/>
  <testcase classname="test.Basic3" name="MobileSignincarLoan" time="0.001"/>
  <testcase classname="test.Basic3" name="weblogin" time="0.0"/>
  <testcase classname="test.Basic3" name="ApiCarLogin" time="0.001"/>
  <testcase classname="test.Basic4" name="LoginApiHomeLogin" time="0.001"/>
  <testcase classname="test.Basic4" name="webloginHomeLoan" time="0.001"/>
  <testcase classname="test.Basic3" name="MobileLogincarLoan" time="0.0">
    <ignored/>
  </testcase> <!-- MobileLogincarLoan -->
  <testcase classname="test.Basic2" name="ploan" time="0.0">
    <ignored/>
  </testcase> <!-- ploan -->
  <testcase classname="test.Basic4" name="MobileLoginHomeLoan" time="0.0">
    <ignored/>
  </testcase> <!-- MobileLoginHomeLoan -->
</testsuite> <!-- Regression -->
