<?xml version="1.0" encoding="UTF-8"?>
<testng-results ignored="0" total="1" passed="1" failed="0" skipped="0">
  <reporter-output>
  </reporter-output>
  <suite started-at="2021-06-21T11:49:56 GMT-04:00" name="Default suite" finished-at="2021-06-21T11:49:56 GMT-04:00" duration-ms="155">
    <groups>
    </groups>
    <test started-at="2021-06-21T11:49:56 GMT-04:00" name="Default test" finished-at="2021-06-21T11:49:56 GMT-04:00" duration-ms="155">
      <class name="Test.Test1">
        <test-method signature="streamCollect()[pri:0, instance:Test.Test1@4445629]" started-at="2021-06-21T11:49:56 GMT-04:00" name="streamCollect" finished-at="2021-06-21T11:49:56 GMT-04:00" duration-ms="34" status="PASS">
          <reporter-output>
          </reporter-output>
        </test-method> <!-- streamCollect -->
      </class> <!-- Test.Test1 -->
    </test> <!-- Default test -->
  </suite> <!-- Default suite -->
</testng-results>
