<?xml version="1.0" encoding="UTF-8"?>
<testng-results skipped="0" failed="0" ignored="0" total="4" passed="4">
  <reporter-output>
  </reporter-output>
  <suite name="Suite" duration-ms="42" started-at="2021-06-25T11:50:12 EDT" finished-at="2021-06-25T11:50:12 EDT">
    <groups>
    </groups>
    <test name="Test" duration-ms="42" started-at="2021-06-25T11:50:12 EDT" finished-at="2021-06-25T11:50:12 EDT">
      <class name="qaclickacademy.RestAPITest">
        <test-method status="PASS" signature="deleteTwitter()[pri:0, instance:qaclickacademy.RestAPITest@68bbe345]" name="deleteTwitter" duration-ms="0" started-at="2021-06-25T11:50:12 EDT" finished-at="2021-06-25T11:50:12 EDT">
          <reporter-output>
          </reporter-output>
        </test-method> <!-- deleteTwitter -->
        <test-method status="PASS" signature="postJira()[pri:0, instance:qaclickacademy.RestAPITest@68bbe345]" name="postJira" duration-ms="0" started-at="2021-06-25T11:50:12 EDT" finished-at="2021-06-25T11:50:12 EDT">
          <reporter-output>
          </reporter-output>
        </test-method> <!-- postJira -->
      </class> <!-- qaclickacademy.RestAPITest -->
      <class name="qaclickacademy.SeleniumTest">
        <test-method status="PASS" signature="BrowserAUtomation()[pri:0, instance:qaclickacademy.SeleniumTest@cd2dae5]" name="BrowserAUtomation" duration-ms="6" started-at="2021-06-25T11:50:12 EDT" finished-at="2021-06-25T11:50:12 EDT">
          <reporter-output>
          </reporter-output>
        </test-method> <!-- BrowserAUtomation -->
        <test-method status="PASS" signature="elementsUi()[pri:0, instance:qaclickacademy.SeleniumTest@cd2dae5]" name="elementsUi" duration-ms="0" started-at="2021-06-25T11:50:12 EDT" finished-at="2021-06-25T11:50:12 EDT">
          <reporter-output>
          </reporter-output>
        </test-method> <!-- elementsUi -->
      </class> <!-- qaclickacademy.SeleniumTest -->
    </test> <!-- Test -->
  </suite> <!-- Suite -->
</testng-results>
