<?xml version="1.0" encoding="UTF-8"?>
<testng-results ignored="0" total="1" passed="1" failed="0" skipped="0">
  <reporter-output>
  </reporter-output>
  <suite started-at="2021-07-07T15:36:37 GMT-04:00" name="Default suite" finished-at="2021-07-07T15:37:15 GMT-04:00" duration-ms="38161">
    <groups>
    </groups>
    <test started-at="2021-07-07T15:36:37 GMT-04:00" name="Default test" finished-at="2021-07-07T15:37:15 GMT-04:00" duration-ms="38161">
      <class name="TestCases.LoginApplication">
        <test-method signature="LogIn()[pri:0, instance:TestCases.LoginApplication@776b83cc]" started-at="2021-07-07T15:36:37 GMT-04:00" name="LogIn" finished-at="2021-07-07T15:37:15 GMT-04:00" duration-ms="38095" status="PASS">
          <reporter-output>
          </reporter-output>
        </test-method> <!-- LogIn -->
      </class> <!-- TestCases.LoginApplication -->
    </test> <!-- Default test -->
  </suite> <!-- Default suite -->
</testng-results>
