<?xml version="1.0" encoding="UTF-8"?>
<!-- Generated by org.testng.reporters.JUnitXMLReporter -->
<testsuite ignored="0" hostname="PAVULURU" failures="0" tests="4" name="Test" time="28.089" errors="0" timestamp="2021-07-11T12:20:59 GMT-04:00">
  <testcase classname="Academy.HomePage" name="basePageNavigation" time="7.183"/>
  <testcase classname="Academy.HomePage" name="basePageNavigation" time="2.092"/>
  <testcase classname="Academy.validateTitlePage" name="basePageNavigation" time="0.064"/>
  <testcase classname="Academy.validateNavigationBar" name="basePageNavigation" time="0.223"/>
</testsuite> <!-- Test -->
