<?xml version="1.0" encoding="UTF-8"?>
<testng-results ignored="0" total="1" passed="1" failed="0" skipped="0">
  <reporter-output>
  </reporter-output>
  <suite started-at="2021-06-28T11:46:01 GMT-04:00" name="Default suite" finished-at="2021-06-28T11:46:12 GMT-04:00" duration-ms="10989">
    <groups>
    </groups>
    <test started-at="2021-06-28T11:46:01 GMT-04:00" name="Default test" finished-at="2021-06-28T11:46:12 GMT-04:00" duration-ms="10989">
      <class name="anilpavuluru.ExtentReport.ExtentReportDemo">
        <test-method is-config="true" signature="config()[pri:0, instance:anilpavuluru.ExtentReport.ExtentReportDemo@fa49800]" started-at="2021-06-28T11:46:01 GMT-04:00" name="config" finished-at="2021-06-28T11:46:01 GMT-04:00" duration-ms="236" status="PASS">
          <reporter-output>
          </reporter-output>
        </test-method> <!-- config -->
        <test-method signature="initialDemo()[pri:0, instance:anilpavuluru.ExtentReport.ExtentReportDemo@fa49800]" started-at="2021-06-28T11:46:01 GMT-04:00" name="initialDemo" finished-at="2021-06-28T11:46:12 GMT-04:00" duration-ms="10725" status="PASS">
          <reporter-output>
          </reporter-output>
        </test-method> <!-- initialDemo -->
      </class> <!-- anilpavuluru.ExtentReport.ExtentReportDemo -->
    </test> <!-- Default test -->
  </suite> <!-- Default suite -->
</testng-results>
