<?xml version="1.0" encoding="UTF-8"?>
<testng-results ignored="0" total="0" passed="0" failed="0" skipped="0">
  <reporter-output>
  </reporter-output>
  <suite started-at="2021-07-20T14:34:05 GMT-04:00" name="Suite" finished-at="2021-07-20T14:34:05 GMT-04:00" duration-ms="230">
    <groups>
      <group name="cucumber">
        <method signature="AbstractTestNGCucumberTests.runScenario(io.cucumber.testng.PickleWrapper,io.cucumber.testng.FeatureWrapper)[pri:0, instance:cucumberOptions.TestRunner@6f3187b0]" name="runScenario" class="io.cucumber.testng.AbstractTestNGCucumberTests"/>
      </group> <!-- cucumber -->
    </groups>
    <test started-at="2021-07-20T14:34:05 GMT-04:00" name="validating User login" finished-at="2021-07-20T14:34:05 GMT-04:00" duration-ms="230">
      <class name="cucumberOptions.TestRunner">
        <test-method is-config="true" signature="setUpClass()[pri:0, instance:cucumberOptions.TestRunner@6f3187b0]" started-at="2021-07-20T14:34:05 GMT-04:00" name="setUpClass" finished-at="2021-07-20T14:34:05 GMT-04:00" duration-ms="193" status="PASS">
          <reporter-output>
          </reporter-output>
        </test-method> <!-- setUpClass -->
        <test-method is-config="true" signature="tearDownClass()[pri:0, instance:cucumberOptions.TestRunner@6f3187b0]" started-at="2021-07-20T14:34:05 GMT-04:00" name="tearDownClass" finished-at="2021-07-20T14:34:05 GMT-04:00" duration-ms="11" status="PASS">
          <reporter-output>
          </reporter-output>
        </test-method> <!-- tearDownClass -->
      </class> <!-- cucumberOptions.TestRunner -->
    </test> <!-- validating User login -->
  </suite> <!-- Suite -->
</testng-results>
