<?xml version="1.0" encoding="UTF-8"?>
<testng-results ignored="0" total="6" passed="6" failed="0" skipped="0">
  <reporter-output>
  </reporter-output>
  <suite started-at="2021-06-24T16:53:25 GMT-04:00" name="Suite" finished-at="2021-06-24T16:53:25 GMT-04:00" duration-ms="61">
    <groups>
    </groups>
    <test started-at="2021-06-24T16:53:25 GMT-04:00" name="Test" finished-at="2021-06-24T16:53:25 GMT-04:00" duration-ms="61">
      <class name="qaclickacademy.AppiumTest">
        <test-method signature="IOSApps()[pri:0, instance:qaclickacademy.AppiumTest@29626d54]" started-at="2021-06-24T16:53:25 GMT-04:00" name="IOSApps" finished-at="2021-06-24T16:53:25 GMT-04:00" duration-ms="8" status="PASS">
          <reporter-output>
          </reporter-output>
        </test-method> <!-- IOSApps -->
        <test-method signature="NativeAPpAndroid()[pri:0, instance:qaclickacademy.AppiumTest@29626d54]" started-at="2021-06-24T16:53:25 GMT-04:00" name="NativeAPpAndroid" finished-at="2021-06-24T16:53:25 GMT-04:00" duration-ms="1" status="PASS">
          <reporter-output>
          </reporter-output>
        </test-method> <!-- NativeAPpAndroid -->
      </class> <!-- qaclickacademy.AppiumTest -->
      <class name="qaclickacademy.RestAPITest">
        <test-method signature="deleteTwitter()[pri:0, instance:qaclickacademy.RestAPITest@1700915]" started-at="2021-06-24T16:53:25 GMT-04:00" name="deleteTwitter" finished-at="2021-06-24T16:53:25 GMT-04:00" duration-ms="2" status="PASS">
          <reporter-output>
          </reporter-output>
        </test-method> <!-- deleteTwitter -->
        <test-method signature="postJira()[pri:0, instance:qaclickacademy.RestAPITest@1700915]" started-at="2021-06-24T16:53:25 GMT-04:00" name="postJira" finished-at="2021-06-24T16:53:25 GMT-04:00" duration-ms="1" status="PASS">
          <reporter-output>
          </reporter-output>
        </test-method> <!-- postJira -->
      </class> <!-- qaclickacademy.RestAPITest -->
      <class name="qaclickacademy.SeleniumTest">
        <test-method signature="BrowserAUtomation()[pri:0, instance:qaclickacademy.SeleniumTest@48ae9b55]" started-at="2021-06-24T16:53:25 GMT-04:00" name="BrowserAUtomation" finished-at="2021-06-24T16:53:25 GMT-04:00" duration-ms="1" status="PASS">
          <reporter-output>
          </reporter-output>
        </test-method> <!-- BrowserAUtomation -->
        <test-method signature="elementsUi()[pri:0, instance:qaclickacademy.SeleniumTest@48ae9b55]" started-at="2021-06-24T16:53:25 GMT-04:00" name="elementsUi" finished-at="2021-06-24T16:53:25 GMT-04:00" duration-ms="1" status="PASS">
          <reporter-output>
          </reporter-output>
        </test-method> <!-- elementsUi -->
      </class> <!-- qaclickacademy.SeleniumTest -->
    </test> <!-- Test -->
  </suite> <!-- Suite -->
</testng-results>
