<?xml version="1.0" encoding="UTF-8"?>
<testng-results ignored="0" total="1" passed="1" failed="0" skipped="0">
  <reporter-output>
  </reporter-output>
  <suite started-at="2021-11-04T18:05:38 GMT-04:00" name="Default suite" finished-at="2021-11-04T18:05:40 GMT-04:00" duration-ms="2089">
    <groups>
    </groups>
    <test started-at="2021-11-04T18:05:38 GMT-04:00" name="Default test" finished-at="2021-11-04T18:05:40 GMT-04:00" duration-ms="2089">
      <class name="SumValidation">
        <test-method signature="sumOfCourses()[pri:0, instance:SumValidation@e7edb54]" started-at="2021-11-04T18:05:38 GMT-04:00" name="sumOfCourses" finished-at="2021-11-04T18:05:40 GMT-04:00" duration-ms="2054" status="PASS">
          <reporter-output>
          </reporter-output>
        </test-method> <!-- sumOfCourses -->
      </class> <!-- SumValidation -->
    </test> <!-- Default test -->
  </suite> <!-- Default suite -->
</testng-results>
